<?xml version="1.0" encoding="UTF-8"?>
<!-- Generated by org.testng.reporters.JUnitXMLReporter -->
<testsuite hostname="Sraavan-Sumith" name="Mobile Test" tests="4" failures="0" timestamp="28 Feb 2019 16:24:36 GMT" time="0.083" errors="0">
  <testcase name="exitApp" time="0.0" classname="com.skv.tests.mobi.Mobile_Application_Tests"/>
  <testcase name="lauchApp" time="0.0" classname="com.skv.tests.mobi.Mobile_Application_Tests"/>
  <testcase name="refreshApp" time="0.001" classname="com.skv.tests.mobi.Mobile_Application_Tests"/>
  <testcase name="updateApp" time="0.016" classname="com.skv.tests.mobi.Mobile_Application_Tests"/>
</testsuite> <!-- Mobile Test -->
