<?xml version="1.0" encoding="UTF-8"?>
<!-- Generated by org.testng.reporters.JUnitXMLReporter -->
<testsuite hostname="Sumith-KV-Mobi" name="Mobile Test" tests="4" failures="0" timestamp="26 Sep 2018 09:33:47 GMT" time="0.14" errors="0">
  <testcase name="exitApp" time="0.015" classname="com.skv.tests.mobi.Mobile_Application_Tests"/>
  <testcase name="lauchApp" time="0.0" classname="com.skv.tests.mobi.Mobile_Application_Tests"/>
  <testcase name="refreshApp" time="0.0" classname="com.skv.tests.mobi.Mobile_Application_Tests"/>
  <testcase name="updateApp" time="0.0" classname="com.skv.tests.mobi.Mobile_Application_Tests"/>
</testsuite> <!-- Mobile Test -->
