<?xml version="1.0" encoding="UTF-8"?>
<!-- Generated by org.testng.reporters.JUnitXMLReporter -->
<testsuite hostname="Sraavan-Sumith" name="Web Test - Edge Browser" tests="6" failures="3" timestamp="28 Feb 2019 16:23:34 GMT" time="92.221" errors="0">
  <testcase name="@BeforeClass setUp" time="0.0" classname="com.skv.tests.web.LoginTest">
    <failure type="org.openqa.selenium.WebDriverException" message="Unknown error (WARNING: The server did not provide any stacktrace information)
Command duration or timeout: 3.29 seconds
Build info: version: &amp;apos;2.53.1&amp;apos;, revision: &amp;apos;a36b8b1cd5757287168e54b817830adce9b0158d&amp;apos;, time: &amp;apos;2016-06-30 19:26:09&amp;apos;
System info: host: &amp;apos;Sraavan-Sumith&amp;apos;, ip: &amp;apos;192.168.43.50&amp;apos;, os.name: &amp;apos;Windows 10&amp;apos;, os.arch: &amp;apos;amd64&amp;apos;, os.version: &amp;apos;10.0&amp;apos;, java.version: &amp;apos;1.8.0_191&amp;apos;
Driver info: org.openqa.selenium.edge.EdgeDriver
Capabilities [{applicationCacheEnabled=true, InPrivate=false, pageLoadStrategy=normal, platform=ANY, acceptSslCerts=true, browserVersion=42.17134.1.0, platformVersion=10, locationContextEnabled=true, webStorageEnabled=true, browserName=MicrosoftEdge, takesScreenshot=true, takesElementScreenshot=true, platformName=windows}]
Session ID: B1B82C9B-269B-417B-BD80-FEFAA3432CEE">
      <![CDATA[org.openqa.selenium.WebDriverException: Unknown error (WARNING: The server did not provide any stacktrace information)
Command duration or timeout: 3.29 seconds
Build info: version: '2.53.1', revision: 'a36b8b1cd5757287168e54b817830adce9b0158d', time: '2016-06-30 19:26:09'
System info: host: 'Sraavan-Sumith', ip: '192.168.43.50', os.name: 'Windows 10', os.arch: 'amd64', os.version: '10.0', java.version: '1.8.0_191'
Driver info: org.openqa.selenium.edge.EdgeDriver
Capabilities [{applicationCacheEnabled=true, InPrivate=false, pageLoadStrategy=normal, platform=ANY, acceptSslCerts=true, browserVersion=42.17134.1.0, platformVersion=10, locationContextEnabled=true, webStorageEnabled=true, browserName=MicrosoftEdge, takesScreenshot=true, takesElementScreenshot=true, platformName=windows}]
Session ID: B1B82C9B-269B-417B-BD80-FEFAA3432CEE
	at org.openqa.selenium.remote.ErrorHandler.createThrowable(ErrorHandler.java:206)
	at org.openqa.selenium.remote.ErrorHandler.throwIfResponseFailed(ErrorHandler.java:158)
	at org.openqa.selenium.remote.RemoteWebDriver.execute(RemoteWebDriver.java:678)
	at org.openqa.selenium.remote.RemoteWebDriver.get(RemoteWebDriver.java:316)
	at com.skv.tests.web.LoginTest.setUp(LoginTest.java:31)
	at java.util.concurrent.FutureTask.run(FutureTask.java:266)
	at java.util.concurrent.ThreadPoolExecutor.runWorker(ThreadPoolExecutor.java:1149)
	at java.util.concurrent.ThreadPoolExecutor$Worker.run(ThreadPoolExecutor.java:624)
	at java.lang.Thread.run(Thread.java:748)
... Removed 20 stack frames]]>
    </failure>
  </testcase> <!-- @BeforeClass setUp -->
  <testcase name="@AfterClass tearDown" time="0.0" classname="com.skv.tests.web.LoginTest">
    <skipped/>
  </testcase> <!-- @AfterClass tearDown -->
  <testcase name="testLogin" time="0.003" classname="com.skv.tests.web.LoginTest">
    <skipped/>
  </testcase> <!-- testLogin -->
  <testcase name="addProductTest" time="3.826" classname="com.skv.tests.web.Web_Application_Tests">
    <failure type="org.openqa.selenium.WebDriverException" message="Unknown error (WARNING: The server did not provide any stacktrace information)
Command duration or timeout: 3.82 seconds
Build info: version: &amp;apos;2.53.1&amp;apos;, revision: &amp;apos;a36b8b1cd5757287168e54b817830adce9b0158d&amp;apos;, time: &amp;apos;2016-06-30 19:26:09&amp;apos;
System info: host: &amp;apos;Sraavan-Sumith&amp;apos;, ip: &amp;apos;192.168.43.50&amp;apos;, os.name: &amp;apos;Windows 10&amp;apos;, os.arch: &amp;apos;amd64&amp;apos;, os.version: &amp;apos;10.0&amp;apos;, java.version: &amp;apos;1.8.0_191&amp;apos;
Driver info: org.openqa.selenium.edge.EdgeDriver
Capabilities [{applicationCacheEnabled=true, InPrivate=false, pageLoadStrategy=normal, platform=ANY, acceptSslCerts=true, browserVersion=42.17134.1.0, platformVersion=10, locationContextEnabled=true, webStorageEnabled=true, browserName=MicrosoftEdge, takesScreenshot=true, takesElementScreenshot=true, platformName=windows}]
Session ID: D669D046-6988-41F8-B023-1E5127F614A5">
      <![CDATA[org.openqa.selenium.WebDriverException: Unknown error (WARNING: The server did not provide any stacktrace information)
Command duration or timeout: 3.82 seconds
Build info: version: '2.53.1', revision: 'a36b8b1cd5757287168e54b817830adce9b0158d', time: '2016-06-30 19:26:09'
System info: host: 'Sraavan-Sumith', ip: '192.168.43.50', os.name: 'Windows 10', os.arch: 'amd64', os.version: '10.0', java.version: '1.8.0_191'
Driver info: org.openqa.selenium.edge.EdgeDriver
Capabilities [{applicationCacheEnabled=true, InPrivate=false, pageLoadStrategy=normal, platform=ANY, acceptSslCerts=true, browserVersion=42.17134.1.0, platformVersion=10, locationContextEnabled=true, webStorageEnabled=true, browserName=MicrosoftEdge, takesScreenshot=true, takesElementScreenshot=true, platformName=windows}]
Session ID: D669D046-6988-41F8-B023-1E5127F614A5
	at org.openqa.selenium.remote.ErrorHandler.createThrowable(ErrorHandler.java:206)
	at org.openqa.selenium.remote.ErrorHandler.throwIfResponseFailed(ErrorHandler.java:158)
	at org.openqa.selenium.remote.RemoteWebDriver.execute(RemoteWebDriver.java:678)
	at org.openqa.selenium.remote.RemoteWebDriver.get(RemoteWebDriver.java:316)
	at com.skv.tests.web.Web_Application_Tests.addProductTest(Web_Application_Tests.java:80)
	at java.util.concurrent.FutureTask.run(FutureTask.java:266)
	at java.util.concurrent.ThreadPoolExecutor.runWorker(ThreadPoolExecutor.java:1149)
	at java.util.concurrent.ThreadPoolExecutor$Worker.run(ThreadPoolExecutor.java:624)
	at java.lang.Thread.run(Thread.java:748)
... Removed 20 stack frames]]>
    </failure>
  </testcase> <!-- addProductTest -->
  <testcase name="homePageTest" time="2.371" classname="com.skv.tests.web.Web_Application_Tests">
    <failure type="org.openqa.selenium.WebDriverException" message="Unknown error (WARNING: The server did not provide any stacktrace information)
Command duration or timeout: 2.37 seconds
Build info: version: &amp;apos;2.53.1&amp;apos;, revision: &amp;apos;a36b8b1cd5757287168e54b817830adce9b0158d&amp;apos;, time: &amp;apos;2016-06-30 19:26:09&amp;apos;
System info: host: &amp;apos;Sraavan-Sumith&amp;apos;, ip: &amp;apos;192.168.43.50&amp;apos;, os.name: &amp;apos;Windows 10&amp;apos;, os.arch: &amp;apos;amd64&amp;apos;, os.version: &amp;apos;10.0&amp;apos;, java.version: &amp;apos;1.8.0_191&amp;apos;
Driver info: org.openqa.selenium.edge.EdgeDriver
Capabilities [{applicationCacheEnabled=true, InPrivate=false, pageLoadStrategy=normal, platform=ANY, acceptSslCerts=true, browserVersion=42.17134.1.0, platformVersion=10, locationContextEnabled=true, webStorageEnabled=true, browserName=MicrosoftEdge, takesScreenshot=true, takesElementScreenshot=true, platformName=windows}]
Session ID: 0235BC9E-6516-45C7-A61D-3FD4B284D642">
      <![CDATA[org.openqa.selenium.WebDriverException: Unknown error (WARNING: The server did not provide any stacktrace information)
Command duration or timeout: 2.37 seconds
Build info: version: '2.53.1', revision: 'a36b8b1cd5757287168e54b817830adce9b0158d', time: '2016-06-30 19:26:09'
System info: host: 'Sraavan-Sumith', ip: '192.168.43.50', os.name: 'Windows 10', os.arch: 'amd64', os.version: '10.0', java.version: '1.8.0_191'
Driver info: org.openqa.selenium.edge.EdgeDriver
Capabilities [{applicationCacheEnabled=true, InPrivate=false, pageLoadStrategy=normal, platform=ANY, acceptSslCerts=true, browserVersion=42.17134.1.0, platformVersion=10, locationContextEnabled=true, webStorageEnabled=true, browserName=MicrosoftEdge, takesScreenshot=true, takesElementScreenshot=true, platformName=windows}]
Session ID: 0235BC9E-6516-45C7-A61D-3FD4B284D642
	at org.openqa.selenium.remote.ErrorHandler.createThrowable(ErrorHandler.java:206)
	at org.openqa.selenium.remote.ErrorHandler.throwIfResponseFailed(ErrorHandler.java:158)
	at org.openqa.selenium.remote.RemoteWebDriver.execute(RemoteWebDriver.java:678)
	at org.openqa.selenium.remote.RemoteWebDriver.get(RemoteWebDriver.java:316)
	at com.skv.tests.web.Web_Application_Tests.homePageTest(Web_Application_Tests.java:57)
	at java.util.concurrent.FutureTask.run(FutureTask.java:266)
	at java.util.concurrent.ThreadPoolExecutor.runWorker(ThreadPoolExecutor.java:1149)
	at java.util.concurrent.ThreadPoolExecutor$Worker.run(ThreadPoolExecutor.java:624)
	at java.lang.Thread.run(Thread.java:748)
... Removed 20 stack frames]]>
    </failure>
  </testcase> <!-- homePageTest -->
  <testcase name="loginTest" time="5.761" classname="com.skv.tests.web.Web_Application_Tests"/>
  <testcase name="logoutTest" time="15.04" classname="com.skv.tests.web.Web_Application_Tests"/>
  <testcase name="searchProducts" time="24.591" classname="com.skv.tests.web.Web_Application_Tests">
    <failure type="java.lang.AssertionError" message="I Am Failed To Execute...">
      <![CDATA[java.lang.AssertionError: I Am Failed To Execute...
	at org.junit.Assert.fail(Assert.java:88)
	at com.skv.tests.web.Web_Application_Tests.searchProducts(Web_Application_Tests.java:69)
	at java.util.concurrent.FutureTask.run(FutureTask.java:266)
	at java.util.concurrent.ThreadPoolExecutor.runWorker(ThreadPoolExecutor.java:1149)
	at java.util.concurrent.ThreadPoolExecutor$Worker.run(ThreadPoolExecutor.java:624)
	at java.lang.Thread.run(Thread.java:748)
... Removed 16 stack frames]]>
    </failure>
  </testcase> <!-- searchProducts -->
</testsuite> <!-- Web Test - Edge Browser -->
